[2018-10-09 21:26:37,747] - Log.py] - INFO: ---测试开始----
[2018-10-09 21:26:37,749] - Log.py] - INFO: 输入密码
[2018-10-09 21:26:37,750] - Log.py] - WARNING: ----测试结束----
[2018-10-09 21:46:57,202] - Log.py] - INFO: --------判断新增人员是否在列表中-------
[2018-10-09 21:47:17,340] - Log.py] - INFO: ID list:['1006', '1007', '10087', '10088', '10089', '10099', '10577', '10891', '11111111', '1123', '123', '12345', '123456', '17150', '1901', '1994', '199409', '19940912', '1995021', '2002', '2003@zk.com', '20099', '201011', '20180102', '20180103', '20180104', '2112', '22222', '2232', '2234', '2235', '2236', '2237', '23324', '23325', '23326', '23327', '23328', '23329', '23330', '23331', '23332', '23333', '23334', '233343', '233344', '233346', '233348', '23335', '23336', '23337', '23338', '23339', '23340', '2017-12-05', '3001', '3002', '3003', '3004', '3005', '3006', '3007', '3009', '332211', '4001', '4002', '4401', '2017-01-03', '2017-01-04', '46567503', '5001', '5002', '5005', '6001', '67890', '7001', '7002', '7003', '70510', '70948788', '8', '8001', '8002', '8888', '9', '91190', '9999', 'a', 'b']
[2018-10-09 21:47:17,344] - Log.py] - INFO: ID:201011
[2018-10-09 21:58:21,206] - Log.py] - INFO: --------测试开始-------
[2018-10-09 21:58:41,346] - Log.py] - INFO: --------判断是否弹出错误提示-------
[2018-10-09 21:58:41,665] - Log.py] - INFO: message ：Employee ID exists
[2018-10-09 21:59:11,338] - Log.py] - INFO: --------测试开始-------
[2018-10-09 21:59:29,985] - Log.py] - INFO: --------判断是否弹出错误提示-------
[2018-10-09 21:59:30,265] - Log.py] - INFO: message ：Employee ID exists
[2018-10-09 21:59:30,265] - Log.py] - INFO: --------测试结束-------
[2018-10-09 22:04:34,926] - Log.py] - INFO: --------测试开始-------
[2018-10-09 22:05:04,134] - Log.py] - INFO: --------判断是否弹出错误提示-------
[2018-10-09 22:05:15,259] - Log.py] - INFO: --------判断是否还在add emp界面-------
[2018-10-09 22:05:15,300] - Log.py] - INFO: add emp界面元素：<selenium.webdriver.remote.webelement.WebElement (session="c9ad0200-8958-4197-bc11-bb762bbb4b7a", element="{a32f7b7d-0b4b-48c2-8eda-5397558d5717}")>
[2018-10-09 22:05:15,301] - Log.py] - INFO: --------判断必填项是否填写-------
[2018-10-09 22:05:15,434] - Log.py] - INFO: message：EmpID is not filled
[2018-10-09 22:05:15,434] - Log.py] - INFO: result: EmpID is not filled
[2018-10-09 22:05:15,435] - Log.py] - INFO: expect result:EmpID is not filled
[2018-10-09 22:05:15,436] - Log.py] - INFO: --------测试结束-------
[2018-10-09 22:05:15,437] - Log.py] - INFO: --------测试开始-------
[2018-10-09 22:05:26,568] - Log.py] - INFO: --------判断是否弹出错误提示-------
[2018-10-09 22:05:37,667] - Log.py] - INFO: --------判断是否还在add emp界面-------
[2018-10-09 22:05:37,683] - Log.py] - INFO: add emp界面元素：<selenium.webdriver.remote.webelement.WebElement (session="c9ad0200-8958-4197-bc11-bb762bbb4b7a", element="{dcc6a7c1-4324-4b17-8663-05716fbb1cbe}")>
[2018-10-09 22:05:37,684] - Log.py] - INFO: --------判断必填项是否填写-------
[2018-10-09 22:05:37,831] - Log.py] - INFO: message：None
[2018-10-09 22:05:37,832] - Log.py] - INFO: result: None
[2018-10-09 22:05:37,832] - Log.py] - INFO: expect result:Mailbox format error
[2018-10-09 22:05:37,915] - Log.py] - INFO: --------测试开始-------
[2018-10-09 22:05:48,663] - Log.py] - INFO: --------判断是否弹出错误提示-------
[2018-10-09 22:05:59,770] - Log.py] - INFO: --------判断是否还在add emp界面-------
[2018-10-09 22:05:59,812] - Log.py] - INFO: add emp界面元素：<selenium.webdriver.remote.webelement.WebElement (session="c9ad0200-8958-4197-bc11-bb762bbb4b7a", element="{74e72c59-d6f5-4af9-94aa-867d8ddc11c6}")>
[2018-10-09 22:05:59,813] - Log.py] - INFO: --------判断必填项是否填写-------
[2018-10-09 22:05:59,977] - Log.py] - INFO: message：None
[2018-10-09 22:05:59,978] - Log.py] - INFO: result: None
[2018-10-09 22:05:59,978] - Log.py] - INFO: expect result:Mailbox exists
[2018-10-09 22:05:59,980] - Log.py] - INFO: --------测试开始-------
[2018-10-09 22:08:34,886] - Log.py] - INFO: --------测试开始-------
[2018-10-09 22:08:53,606] - Log.py] - INFO: --------判断是否弹出错误提示-------
[2018-10-09 22:09:04,730] - Log.py] - INFO: --------判断是否还在add emp界面-------
[2018-10-09 22:09:04,769] - Log.py] - INFO: add emp界面元素：<selenium.webdriver.remote.webelement.WebElement (session="b81dd78c-f628-47ab-95e7-ac73a02eee1a", element="{dd06b2b1-f3be-491b-a3dd-fd6f08e368d5}")>
[2018-10-09 22:09:04,770] - Log.py] - INFO: --------判断必填项是否填写-------
[2018-10-09 22:09:04,897] - Log.py] - INFO: EmpID is not filled
[2018-10-09 22:09:04,897] - Log.py] - INFO: message：EmpID is not filled
[2018-10-09 22:09:04,898] - Log.py] - INFO: result: EmpID is not filled
[2018-10-09 22:09:04,899] - Log.py] - INFO: expect result:EmpID is not filled
[2018-10-09 22:09:04,899] - Log.py] - INFO: --------测试结束-------
[2018-10-09 22:09:04,900] - Log.py] - INFO: --------测试开始-------
[2018-10-09 22:09:15,321] - Log.py] - INFO: --------判断是否弹出错误提示-------
[2018-10-09 22:09:16,081] - Log.py] - INFO: message ：Mailbox format error
[2018-10-09 22:09:16,081] - Log.py] - INFO: result: Mailbox format error
[2018-10-09 22:09:16,082] - Log.py] - INFO: expect result:Mailbox format error
[2018-10-09 22:09:16,083] - Log.py] - INFO: --------测试结束-------
[2018-10-09 22:09:16,083] - Log.py] - INFO: --------测试开始-------
[2018-10-09 22:09:27,258] - Log.py] - INFO: --------判断是否弹出错误提示-------
[2018-10-09 22:09:27,526] - Log.py] - INFO: message ：Mailbox exists
[2018-10-09 22:09:27,527] - Log.py] - INFO: result: Mailbox exists
[2018-10-09 22:09:27,527] - Log.py] - INFO: expect result:Mailbox exists
[2018-10-09 22:09:27,528] - Log.py] - INFO: --------测试结束-------
[2018-10-09 22:09:27,529] - Log.py] - INFO: --------测试开始-------
[2018-10-09 22:09:39,230] - Log.py] - INFO: --------判断是否弹出错误提示-------
[2018-10-09 22:09:39,433] - Log.py] - INFO: message ：Employee ID exists
[2018-10-09 22:09:39,434] - Log.py] - INFO: result: Employee ID exists
[2018-10-09 22:09:39,435] - Log.py] - INFO: expect result:Employee ID exists
[2018-10-09 22:09:39,435] - Log.py] - INFO: --------测试结束-------
